<?xml version="1.0" encoding="UTF-8"?>
<testng-results ignored="0" total="1" passed="1" failed="0" skipped="0">
  <reporter-output>
  </reporter-output>
  <suite started-at="2022-05-01T18:59:26 ART" name="Carina Demo Tests - Hello World" finished-at="2022-05-01T18:59:26 ART" duration-ms="98">
    <groups>
    </groups>
    <test started-at="2022-05-01T18:59:26 ART" name="Hello World test" finished-at="2022-05-01T18:59:26 ART" duration-ms="98">
      <class name="com.solvd.carina.demo.HelloWorld">
        <test-method signature="helloWorld()[pri:0, instance:com.solvd.carina.demo.HelloWorld@75559cd9]" started-at="2022-05-01T18:59:26 ART" name="helloWorld" finished-at="2022-05-01T18:59:26 ART" duration-ms="22" status="PASS">
          <reporter-output>
          </reporter-output>
        </test-method> <!-- helloWorld -->
      </class> <!-- com.solvd.carina.demo.HelloWorld -->
    </test> <!-- Hello World test -->
  </suite> <!-- Carina Demo Tests - Hello World -->
</testng-results>
